0 info it worked if it ends with ok
1 verbose cli [ 'C:\\Program Files (x86)\\nodejs\\\\node.exe',
1 verbose cli   'C:\\Program Files (x86)\\nodejs\\node_modules\\npm\\bin\\npm-cli.js',
1 verbose cli   'install',
1 verbose cli   '-g',
1 verbose cli   'npm@3.0-latest' ]
2 info using npm@2.7.4
3 info using node@v0.12.2
4 verbose node symlink C:\Program Files (x86)\nodejs\\node.exe
5 silly cache add args [ 'npm@3.0-latest', null ]
6 verbose cache add spec npm@3.0-latest
7 silly cache add parsed spec { raw: 'npm@3.0-latest',
7 silly cache add   scope: null,
7 silly cache add   name: 'npm',
7 silly cache add   rawSpec: '3.0-latest',
7 silly cache add   spec: '3.0-latest',
7 silly cache add   type: 'tag' }
8 verbose addNamed npm@3.0-latest
9 silly addNamed semver.valid null
10 silly addNamed semver.validRange null
11 info addNameTag [ 'npm', '3.0-latest' ]
12 silly mapToRegistry name npm
13 silly mapToRegistry using default registry
14 silly mapToRegistry registry https://registry.npmjs.org/
15 silly mapToRegistry uri https://registry.npmjs.org/npm
16 verbose addNameTag registry:https://registry.npmjs.org/npm not in flight; fetching
17 verbose request uri https://registry.npmjs.org/npm
18 verbose request no auth needed
19 info attempt registry request try #1 at 1:53:37 AM
20 verbose request id 0a4d9d0199d75377
21 verbose etag "1N83MMTG7PZJ4V0X647BKD6YU"
22 http request GET https://registry.npmjs.org/npm
23 http 200 https://registry.npmjs.org/npm
24 silly get cb [ 200,
24 silly get   { server: 'CouchDB/1.5.0 (Erlang OTP/R16B03)',
24 silly get     etag: '"B0NLBYPJX0H3QYBZCODY4Y4RT"',
24 silly get     'content-type': 'application/json',
24 silly get     'content-encoding': 'gzip',
24 silly get     'cache-control': 'max-age=300',
24 silly get     'content-length': '641484',
24 silly get     'accept-ranges': 'bytes',
24 silly get     date: 'Sat, 11 Jun 2016 08:53:36 GMT',
24 silly get     via: '1.1 varnish',
24 silly get     age: '240',
24 silly get     connection: 'keep-alive',
24 silly get     'x-served-by': 'cache-lax1437-LAX',
24 silly get     'x-cache': 'HIT',
24 silly get     'x-cache-hits': '2',
24 silly get     'x-timer': 'S1465635216.945896,VS0,VE0',
24 silly get     vary: 'Accept-Encoding' } ]
25 verbose get saving npm to C:\Users\JoséAngel\AppData\Roaming\npm-cache\registry.npmjs.org\npm\.cache.json
26 silly addNameTag next cb for npm with tag 3.0-latest
27 verbose stack Error: No compatible version found: npm@'3.0-latest'
27 verbose stack Valid install targets:
27 verbose stack ["1.1.25","1.2.32","1.3.2","1.3.4","1.2.20","1.2.21","1.2.22","1.2.23","1.2.24","1.2.25","1.2.27","1.2.28","1.2.30","1.2.31","1.3.0","1.3.1","1.2.19","1.1.70","1.1.71","1.3.5","1.3.6","1.3.7","1.3.8","1.3.9","1.3.10","1.3.11","1.3.12","1.3.13","1.3.14","1.3.15","1.3.16","1.3.17","1.3.18","1.3.20","1.3.21","1.3.22","1.3.23","1.3.24","1.3.25","1.3.26","1.4.0","1.4.1","1.4.2","1.4.3","1.4.4","1.4.5","1.4.6","1.4.7","1.4.8","1.4.9","1.4.10","1.4.11","1.4.12","1.4.13","1.4.14","1.4.15","1.4.16","1.2.8000","1.4.17","1.4.18","1.4.19","1.5.0-alpha-0","1.5.0-alpha-1","1.4.20","1.5.0-alpha-2","1.4.21","1.5.0-alpha-3","1.5.0-alpha-4","2.0.0-alpha-5","1.4.22","1.4.23","2.0.0-alpha.6.0","1.4.24","2.0.0-alpha.6","2.0.0-alpha.7","2.0.0-beta.0","1.4.25","2.0.0-beta.1","1.4.26","2.0.0-beta.2","1.4.27","2.0.0-beta.3","1.4.28","2.0.0","2.0.1","2.0.2","2.1.0","2.1.1","2.1.2","2.1.3","2.1.4","2.1.5","2.1.6","2.1.7","2.1.8","2.1.9","2.1.10","2.1.11","2.1.12","2.1.13","2.1.14","2.1.15","2.1.16","2.1.17","2.1.18","2.2.0","2.3.0","2.4.0","2.4.1","2.5.0","2.5.1","2.6.0","2.6.1","2.7.0","2.7.1","2.7.2","2.7.3","2.7.4","2.7.5","2.7.6","2.8.0","2.8.1","2.8.2","2.8.3","2.8.4","2.9.0","2.9.1","2.10.0","2.10.1","2.11.0","2.11.1","2.11.2","2.11.3","2.12.0","3.0.0","2.12.1","2.13.0","3.1.0","2.13.1","3.1.1","3.1.2","2.13.2","3.1.3","2.13.3","3.2.0","2.13.4","3.2.1","2.13.5","3.2.2","2.14.0","3.3.0","2.14.1","2.14.2","3.3.1","2.14.3","3.3.2","2.14.4","3.3.3","2.14.5","3.3.4","2.14.6","3.3.5","3.3.6","2.14.7","2.14.8","3.3.7","3.3.8","3.3.9","3.3.10","2.14.9","3.3.11","1.4.29","3.3.12","2.14.10","3.4.0","3.4.1","2.14.11","2.14.12","3.5.0","3.5.1","2.14.13","2.14.14","3.5.2","2.14.15","3.5.3","3.5.4","3.6.0","2.14.16","2.14.17","3.7.0","3.7.1","3.7.2","2.14.18","3.7.3","2.14.19","2.14.20","3.7.4","3.7.5","2.14.21","3.8.0","2.14.22","3.8.1","3.8.2","2.15.0","2.15.1","3.8.3","2.15.2","3.8.4","3.8.5","3.8.6","2.15.3","3.8.7","2.15.4","3.8.8","3.8.9","2.15.5","3.9.0","3.9.1","2.15.6","3.9.2","3.9.3","3.9.4","3.9.5","3.9.6"]
27 verbose stack
27 verbose stack     at installTargetsError (C:\Program Files (x86)\nodejs\node_modules\npm\lib\cache\add-named.js:259:12)
27 verbose stack     at next (C:\Program Files (x86)\nodejs\node_modules\npm\lib\cache\add-named.js:79:10)
27 verbose stack     at RES (C:\Program Files (x86)\nodejs\node_modules\npm\node_modules\inflight\inflight.js:23:14)
27 verbose stack     at f (C:\Program Files (x86)\nodejs\node_modules\npm\node_modules\once\once.js:17:25)
27 verbose stack     at saved (C:\Program Files (x86)\nodejs\node_modules\npm\lib\cache\caching-client.js:173:7)
27 verbose stack     at FSReqWrap.oncomplete (fs.js:95:15)
28 verbose cwd C:\Users\JoséAngel\Dropbox\Apps\Heroku\placeflip
29 error Windows_NT 6.3.9600
30 error argv "C:\\Program Files (x86)\\nodejs\\\\node.exe" "C:\\Program Files (x86)\\nodejs\\node_modules\\npm\\bin\\npm-cli.js" "install" "-g" "npm@3.0-latest"
31 error node v0.12.2
32 error npm  v2.7.4
33 error code ETARGET
34 error notarget No compatible version found: npm@'3.0-latest'
34 error notarget Valid install targets:
34 error notarget ["1.1.25","1.2.32","1.3.2","1.3.4","1.2.20","1.2.21","1.2.22","1.2.23","1.2.24","1.2.25","1.2.27","1.2.28","1.2.30","1.2.31","1.3.0","1.3.1","1.2.19","1.1.70","1.1.71","1.3.5","1.3.6","1.3.7","1.3.8","1.3.9","1.3.10","1.3.11","1.3.12","1.3.13","1.3.14","1.3.15","1.3.16","1.3.17","1.3.18","1.3.20","1.3.21","1.3.22","1.3.23","1.3.24","1.3.25","1.3.26","1.4.0","1.4.1","1.4.2","1.4.3","1.4.4","1.4.5","1.4.6","1.4.7","1.4.8","1.4.9","1.4.10","1.4.11","1.4.12","1.4.13","1.4.14","1.4.15","1.4.16","1.2.8000","1.4.17","1.4.18","1.4.19","1.5.0-alpha-0","1.5.0-alpha-1","1.4.20","1.5.0-alpha-2","1.4.21","1.5.0-alpha-3","1.5.0-alpha-4","2.0.0-alpha-5","1.4.22","1.4.23","2.0.0-alpha.6.0","1.4.24","2.0.0-alpha.6","2.0.0-alpha.7","2.0.0-beta.0","1.4.25","2.0.0-beta.1","1.4.26","2.0.0-beta.2","1.4.27","2.0.0-beta.3","1.4.28","2.0.0","2.0.1","2.0.2","2.1.0","2.1.1","2.1.2","2.1.3","2.1.4","2.1.5","2.1.6","2.1.7","2.1.8","2.1.9","2.1.10","2.1.11","2.1.12","2.1.13","2.1.14","2.1.15","2.1.16","2.1.17","2.1.18","2.2.0","2.3.0","2.4.0","2.4.1","2.5.0","2.5.1","2.6.0","2.6.1","2.7.0","2.7.1","2.7.2","2.7.3","2.7.4","2.7.5","2.7.6","2.8.0","2.8.1","2.8.2","2.8.3","2.8.4","2.9.0","2.9.1","2.10.0","2.10.1","2.11.0","2.11.1","2.11.2","2.11.3","2.12.0","3.0.0","2.12.1","2.13.0","3.1.0","2.13.1","3.1.1","3.1.2","2.13.2","3.1.3","2.13.3","3.2.0","2.13.4","3.2.1","2.13.5","3.2.2","2.14.0","3.3.0","2.14.1","2.14.2","3.3.1","2.14.3","3.3.2","2.14.4","3.3.3","2.14.5","3.3.4","2.14.6","3.3.5","3.3.6","2.14.7","2.14.8","3.3.7","3.3.8","3.3.9","3.3.10","2.14.9","3.3.11","1.4.29","3.3.12","2.14.10","3.4.0","3.4.1","2.14.11","2.14.12","3.5.0","3.5.1","2.14.13","2.14.14","3.5.2","2.14.15","3.5.3","3.5.4","3.6.0","2.14.16","2.14.17","3.7.0","3.7.1","3.7.2","2.14.18","3.7.3","2.14.19","2.14.20","3.7.4","3.7.5","2.14.21","3.8.0","2.14.22","3.8.1","3.8.2","2.15.0","2.15.1","3.8.3","2.15.2","3.8.4","3.8.5","3.8.6","2.15.3","3.8.7","2.15.4","3.8.8","3.8.9","2.15.5","3.9.0","3.9.1","2.15.6","3.9.2","3.9.3","3.9.4","3.9.5","3.9.6"]
34 error notarget
34 error notarget This is most likely not a problem with npm itself.
34 error notarget In most cases you or one of your dependencies are requesting
34 error notarget a package version that doesn't exist.
35 verbose exit [ 1, true ]
